2022-12-13T19:31:34+00:00 DEBUG POST: https://ads.tiktok.com/marketing_api/api/developer/app/create_auto_approve/

{"business_platform":"PROD","smb_id":"tt4b_woocommerce_6398d3164eb48httplocalhostperfumeriawp-admin","smb_name":"PROD","redirect_url":"http:\/\/localhost\/perfumeria\/wp-admin\/"}
 ajax: DOING_AJAX
2022-12-13T19:31:39+00:00 ERROR Tt4b_Mapi_Class::create_open_source_app: Response: 

http_request_failed: cURL error 28: Operation timed out after 5006 milliseconds with 0 bytes received

2022-12-13T19:31:40+00:00 DEBUG Tt4b_Mapi_Class::create_open_source_app: Response: 

HTTP/1.1 200 OK
Server: nginx
Content-Type: application/json
X-Tt-Logid: 20221213193134E5CA7F097F813904C53E,20221213193134E5CA7F097F813904C53E
x-tt-trace-host: 0101b6df7ca5ded47c9676bb5a4b5029faa063bb64000b71298be580521663664274e1189210ec47276984e111cba15c4cddc9bd38d096153f7da3fbb1787bc985835b2c802d6c42a389b2383eaafa6039ff7069b98ee4f1b8f2ea1472e5eeb767c5c3f81b67d3a8ffc2728c6055112853
Content-Encoding: gzip
Content-Length: 207
X-Origin-Response-Time: 99,23.44.4.119
X-Akamai-Request-ID: 1107ca74.512ad6da
Date: Tue, 13 Dec 2022 19:31:35 GMT
X-Cache: TCP_MISS from a23-221-213-205.deploy.akamaitechnologies.com (AkamaiGHost/10.10.2-45048955) (-)
Connection: close
Vary: Accept-Encoding
X-Cache-Remote: TCP_MISS from a23-44-4-119.deploy.akamaitechnologies.com (AkamaiGHost/10.10.3-45298580) (-)
x-tt-trace-tag: id=16;cdn-cache=miss;type=dyn
Server-Timing: cdn-cache; desc=MISS, edge; dur=228, origin; dur=99
Server-Timing: inner; dur=95
X-Parent-Response-Time: 323,23.221.213.205

{"code":0,"msg":"ok","data":{"redirect_uri":"http:\/\/localhost\/perfumeria\/wp-admin\/","app_id":"7176718082864332802","external_data_key":"7fcdc3c0-7a03-4c7d-ba24-be117e6d5958","app_secret":"255997b950946a2f4e50e16bb6a1573479d5891f"}}

2022-12-13T19:46:18+00:00 DEBUG tt4b_product_sync: missing access token for tt4b_product_sync
2022-12-13T20:04:54+00:00 DEBUG POST: https://business-api.tiktok.com/open_api/v1.2/tbp/business_profile/disconnect/

{"external_business_id":"tt4b_woocommerce_6398d3164eb48","business_platform":"WOO_COMMERCE","is_setup_page":0,"app_id":"7176718082864332802"}
 ajax: DOING_AJAX
2022-12-13T20:04:55+00:00 DEBUG Tt4b_Mapi_Class::mapi_post: Response: 

HTTP/1.1 200 OK
Server: nginx
Content-Type: application/json; charset=utf-8
Content-Length: 103
X-Api-Deprecation-Info: API for Business Version 1.3 is now live. To avoid disruption to your business, we recommend you migrate all calls to v1.3 as soon as possible. Please visit our migration guide for more details: https://ads.tiktok.com/marketing_api/docs?id=1740029169927169
X-Domain-Change-Info: We have moved to the new domain business-api.tiktok.com for API services after the Platform Upgrade on 09/30/2021. Please update all of your requests with the new domain if you haven't done so already. For more information, please visit https://ads.tiktok.com/marketing_api/docs?rid=esb88xalm6m&id=1709207085043713
X-Tt-Logid: 20221213200449FF8B4033C81A290495C8
x-tt-trace-host: 0132ae99a7d7d2e6390e9652cbd333dfcb40b2d8bb8ad710c44d0f2a87973b1b5fb96ea9b5c1867e7f4f0d4d859f9f5d0462ca27d6516151cb35f8d4fc672f4e0734b20c13c90ec12332a6a8021aeeb8a265f50b4ead53427cbf2646cb74482499f61d8613cd686b2a4b9b41904bdaf9be
X-Origin-Response-Time: 10,104.88.70.214
X-Akamai-Request-ID: 9d624872.611ebc2
Expires: Tue, 13 Dec 2022 20:04:50 GMT
Cache-Control: max-age=0, no-cache, no-store
Pragma: no-cache
Date: Tue, 13 Dec 2022 20:04:50 GMT
X-Cache: TCP_MISS from a104-75-170-166.deploy.akamaitechnologies.com (AkamaiGHost/10.10.2-45048955) (-)
Connection: close
X-Cache-Remote: TCP_MISS from a104-88-70-214.deploy.akamaitechnologies.com (AkamaiGHost/10.10.2-45048955) (-)
x-tt-trace-tag: id=16;cdn-cache=miss;type=dyn
Server-Timing: cdn-cache; desc=MISS, edge; dur=286, origin; dur=9
Server-Timing: inner; dur=5
X-Parent-Response-Time: 295,104.75.170.166

{"code":40104,"message":"The access_token is empty.","request_id":"20221213200449FF8B4033C81A290495C8"}

2022-12-13T20:04:55+00:00 DEBUG POST: https://business-api.tiktok.com/tbp/v2.0/shop/connection/disconnect?external_data=

--- EMPTY STRING ---
 ajax: DOING_AJAX
2022-12-13T20:04:56+00:00 DEBUG Tt4b_Mapi_Class::tts_shop_disconnect: Response: 

HTTP/1.1 200 OK
Server: nginx
Content-Type: application/json; charset=utf-8
Content-Length: 95
X-Api-Deprecation-Info: API for Business Version 1.3 is now live. To avoid disruption to your business, we recommend you migrate all calls to v1.3 as soon as possible. Please visit our migration guide for more details: https://ads.tiktok.com/marketing_api/docs?id=1740029169927169
X-Domain-Change-Info: We have moved to the new domain business-api.tiktok.com for API services after the Platform Upgrade on 09/30/2021. Please update all of your requests with the new domain if you haven't done so already. For more information, please visit https://ads.tiktok.com/marketing_api/docs?rid=esb88xalm6m&id=1709207085043713
X-Tt-Logid: 20221213200450938361E491ACEA04CFD9
Server-Timing: inner; dur=10
x-tt-trace-host: 012d0cc41d465e7b6c3afed112d47662cbb271b7ffa035d4b82a746c4620d9bf876160a71dba02ef658bd28a187d0129983f8530a8da8bd5cf2456eef72c60051b025bdba35e90434f413fff1a7c04ca2b1bc94bfe4ac3fd6e0b52126fbc675592
Expires: Tue, 13 Dec 2022 20:04:51 GMT
Cache-Control: max-age=0, no-cache, no-store
Pragma: no-cache
Date: Tue, 13 Dec 2022 20:04:51 GMT
X-Cache: TCP_MISS from a104-75-170-166.deploy.akamaitechnologies.com (AkamaiGHost/10.10.2-45048955) (-)
Connection: close
x-tt-trace-tag: id=16;cdn-cache=miss;type=dyn
Server-Timing: cdn-cache; desc=MISS, edge; dur=0, origin; dur=317
X-Origin-Response-Time: 317,104.75.170.166
X-Akamai-Request-ID: 611f35f

{"code":40001,"message":"Permission denied.","request_id":"20221213200450938361E491ACEA04CFD9"}

